<?xml version="1.0" encoding="UTF-8"?>
<!-- Generated by org.testng.reporters.JUnitXMLReporter -->
<testsuite ignored="0" hostname="DESKTOP-POO9BB3" failures="0" tests="4" name="Chrome" time="191.724" errors="0" timestamp="2023-07-26T14:50:39 AEST">
  <testcase classname="addresser.RegisterClassAddresser1" name="createNewUser" time="13.531"/>
  <testcase classname="addresser.RegisterClassAddresser1" name="createNewUser" time="43.413"/>
  <testcase classname="addresser.RegisterClassAddresser1" name="createNewUser" time="43.33"/>
  <testcase classname="addresser.RegisterClassAddresser1" name="createNewUser" time="13.274"/>
</testsuite> <!-- Chrome -->
