<?xml version="1.0" encoding="UTF-8"?>
<!-- Generated by org.testng.reporters.JUnitXMLReporter -->
<testsuite ignored="0" hostname="DESKTOP-POO9BB3" failures="0" tests="4" name="Edge" time="188.811" errors="0" timestamp="2023-07-26T14:53:48 AEST">
  <testcase classname="addresser.RegisterClassAddresser1" name="createNewUser" time="13.384"/>
  <testcase classname="addresser.RegisterClassAddresser1" name="createNewUser" time="43.339"/>
  <testcase classname="addresser.RegisterClassAddresser1" name="createNewUser" time="43.433"/>
  <testcase classname="addresser.RegisterClassAddresser1" name="createNewUser" time="13.285"/>
</testsuite> <!-- Edge -->
