<?xml version="1.0" encoding="UTF-8"?>
<testng-results ignored="3" total="9" passed="5" failed="1" skipped="0">
  <reporter-output>
  </reporter-output>
  <suite started-at="2023-10-05T11:50:55 AEDT" name="Suite" finished-at="2023-10-05T11:52:11 AEDT" duration-ms="76007">
    <groups>
    </groups>
    <test started-at="2023-10-05T11:50:55 AEDT" name="Test" finished-at="2023-10-05T11:52:11 AEDT" duration-ms="76007">
      <class name="week5.day3.Dataprovider_DynamicPara.EditLead">
        <test-method is-config="true" signature="preCondtion(java.lang.String,java.lang.String,java.lang.String)[pri:0, instance:week5.day3.Dataprovider_DynamicPara.EditLead@20ce78ec]" started-at="2023-10-05T11:51:24 AEDT" name="preCondtion" finished-at="2023-10-05T11:51:31 AEDT" duration-ms="6685" status="PASS">
          <params>
            <param index="0">
              <value>
                <![CDATA[http://leaftaps.com/opentaps/control/main]]>
              </value>
            </param>
            <param index="1">
              <value>
                <![CDATA[Demosalesmanager]]>
              </value>
            </param>
            <param index="2">
              <value>
                <![CDATA[crmsfa]]>
              </value>
            </param>
          </params>
          <reporter-output>
          </reporter-output>
        </test-method> <!-- preCondtion -->
        <test-method signature="EditLead(java.lang.String,java.lang.String)[pri:0, instance:week5.day3.Dataprovider_DynamicPara.EditLead@20ce78ec]" started-at="2023-10-05T11:51:31 AEDT" name="EditLead" data-provider="Edit" finished-at="2023-10-05T11:51:41 AEDT" duration-ms="10262" status="PASS">
          <params>
            <param index="0">
              <value>
                <![CDATA[99]]>
              </value>
            </param>
            <param index="1">
              <value>
                <![CDATA[TCS]]>
              </value>
            </param>
          </params>
          <reporter-output>
          </reporter-output>
        </test-method> <!-- EditLead -->
        <test-method is-config="true" signature="postCondition()[pri:0, instance:week5.day3.Dataprovider_DynamicPara.EditLead@20ce78ec]" started-at="2023-10-05T11:51:41 AEDT" name="postCondition" finished-at="2023-10-05T11:51:42 AEDT" duration-ms="304" status="PASS">
          <reporter-output>
          </reporter-output>
        </test-method> <!-- postCondition -->
        <test-method is-config="true" signature="preCondtion(java.lang.String,java.lang.String,java.lang.String)[pri:0, instance:week5.day3.Dataprovider_DynamicPara.EditLead@20ce78ec]" started-at="2023-10-05T11:51:42 AEDT" name="preCondtion" finished-at="2023-10-05T11:51:48 AEDT" duration-ms="6899" status="PASS">
          <params>
            <param index="0">
              <value>
                <![CDATA[http://leaftaps.com/opentaps/control/main]]>
              </value>
            </param>
            <param index="1">
              <value>
                <![CDATA[Demosalesmanager]]>
              </value>
            </param>
            <param index="2">
              <value>
                <![CDATA[crmsfa]]>
              </value>
            </param>
          </params>
          <reporter-output>
          </reporter-output>
        </test-method> <!-- preCondtion -->
        <test-method signature="EditLead(java.lang.String,java.lang.String)[pri:0, instance:week5.day3.Dataprovider_DynamicPara.EditLead@20ce78ec]" started-at="2023-10-05T11:51:48 AEDT" name="EditLead" data-provider="Edit" finished-at="2023-10-05T11:51:59 AEDT" duration-ms="10205" status="PASS">
          <params>
            <param index="0">
              <value>
                <![CDATA[91]]>
              </value>
            </param>
            <param index="1">
              <value>
                <![CDATA[Infosys]]>
              </value>
            </param>
          </params>
          <reporter-output>
          </reporter-output>
        </test-method> <!-- EditLead -->
        <test-method is-config="true" signature="postCondition()[pri:0, instance:week5.day3.Dataprovider_DynamicPara.EditLead@20ce78ec]" started-at="2023-10-05T11:51:59 AEDT" name="postCondition" finished-at="2023-10-05T11:51:59 AEDT" duration-ms="138" status="PASS">
          <reporter-output>
          </reporter-output>
        </test-method> <!-- postCondition -->
        <test-method is-config="true" signature="preCondtion(java.lang.String,java.lang.String,java.lang.String)[pri:0, instance:week5.day3.Dataprovider_DynamicPara.EditLead@20ce78ec]" started-at="2023-10-05T11:51:59 AEDT" name="preCondtion" finished-at="2023-10-05T11:52:05 AEDT" duration-ms="6131" status="PASS">
          <params>
            <param index="0">
              <value>
                <![CDATA[http://leaftaps.com/opentaps/control/main]]>
              </value>
            </param>
            <param index="1">
              <value>
                <![CDATA[Demosalesmanager]]>
              </value>
            </param>
            <param index="2">
              <value>
                <![CDATA[crmsfa]]>
              </value>
            </param>
          </params>
          <reporter-output>
          </reporter-output>
        </test-method> <!-- preCondtion -->
        <test-method signature="EditLead(java.lang.String,java.lang.String)[pri:0, instance:week5.day3.Dataprovider_DynamicPara.EditLead@20ce78ec]" started-at="2023-10-05T11:52:05 AEDT" name="EditLead" data-provider="Edit" finished-at="2023-10-05T11:52:11 AEDT" duration-ms="5907" status="FAIL">
          <params>
            <param index="0">
              <value>
                <![CDATA[93]]>
              </value>
            </param>
            <param index="1">
              <value>
                <![CDATA[Wipro]]>
              </value>
            </param>
          </params>
          <exception class="org.openqa.selenium.NoSuchElementException">
            <message>
              <![CDATA[no such element: Unable to locate element: {"method":"xpath","selector":"//div[@class='x-grid3-cell-inner x-grid3-col-partyId']/a"}
  (Session info: chrome=117.0.5938.132)
For documentation on this error, please visit: https://www.selenium.dev/documentation/webdriver/troubleshooting/errors#no-such-element-exception
Build info: version: '4.11.0', revision: '040bc5406b'
System info: os.name: 'Windows 10', os.arch: 'amd64', os.version: '10.0', java.version: '17.0.8'
Driver info: org.openqa.selenium.chrome.ChromeDriver
Command: [f0ecdbbd183ca39b39da3778a0949300, findElement {using=xpath, value=//div[@class='x-grid3-cell-inner x-grid3-col-partyId']/a}]
Capabilities {acceptInsecureCerts: false, browserName: chrome, browserVersion: 117.0.5938.132, chrome: {chromedriverVersion: 116.0.5845.96 (1a3918166880..., userDataDir: C:\Users\Ravi\AppData\Local...}, fedcm:accounts: true, goog:chromeOptions: {debuggerAddress: localhost:60604}, networkConnectionEnabled: false, pageLoadStrategy: normal, platformName: windows, proxy: Proxy(), se:cdp: ws://localhost:60604/devtoo..., se:cdpVersion: 117.0.5938.132, setWindowRect: true, strictFileInteractability: false, timeouts: {implicit: 0, pageLoad: 300000, script: 30000}, unhandledPromptBehavior: dismiss and notify, webauthn:extension:credBlob: true, webauthn:extension:largeBlob: true, webauthn:extension:minPinLength: true, webauthn:extension:prf: true, webauthn:virtualAuthenticators: true}
Session ID: f0ecdbbd183ca39b39da3778a0949300]]>
            </message>
            <full-stacktrace>
              <![CDATA[org.openqa.selenium.NoSuchElementException: no such element: Unable to locate element: {"method":"xpath","selector":"//div[@class='x-grid3-cell-inner x-grid3-col-partyId']/a"}
  (Session info: chrome=117.0.5938.132)
For documentation on this error, please visit: https://www.selenium.dev/documentation/webdriver/troubleshooting/errors#no-such-element-exception
Build info: version: '4.11.0', revision: '040bc5406b'
System info: os.name: 'Windows 10', os.arch: 'amd64', os.version: '10.0', java.version: '17.0.8'
Driver info: org.openqa.selenium.chrome.ChromeDriver
Command: [f0ecdbbd183ca39b39da3778a0949300, findElement {using=xpath, value=//div[@class='x-grid3-cell-inner x-grid3-col-partyId']/a}]
Capabilities {acceptInsecureCerts: false, browserName: chrome, browserVersion: 117.0.5938.132, chrome: {chromedriverVersion: 116.0.5845.96 (1a3918166880..., userDataDir: C:\Users\Ravi\AppData\Local...}, fedcm:accounts: true, goog:chromeOptions: {debuggerAddress: localhost:60604}, networkConnectionEnabled: false, pageLoadStrategy: normal, platformName: windows, proxy: Proxy(), se:cdp: ws://localhost:60604/devtoo..., se:cdpVersion: 117.0.5938.132, setWindowRect: true, strictFileInteractability: false, timeouts: {implicit: 0, pageLoad: 300000, script: 30000}, unhandledPromptBehavior: dismiss and notify, webauthn:extension:credBlob: true, webauthn:extension:largeBlob: true, webauthn:extension:minPinLength: true, webauthn:extension:prf: true, webauthn:virtualAuthenticators: true}
Session ID: f0ecdbbd183ca39b39da3778a0949300
at java.base/jdk.internal.reflect.NativeConstructorAccessorImpl.newInstance0(Native Method)
at java.base/jdk.internal.reflect.NativeConstructorAccessorImpl.newInstance(NativeConstructorAccessorImpl.java:77)
at java.base/jdk.internal.reflect.DelegatingConstructorAccessorImpl.newInstance(DelegatingConstructorAccessorImpl.java:45)
at java.base/java.lang.reflect.Constructor.newInstanceWithCaller(Constructor.java:499)
at java.base/java.lang.reflect.Constructor.newInstance(Constructor.java:480)
at org.openqa.selenium.remote.codec.w3c.W3CHttpResponseCodec.createException(W3CHttpResponseCodec.java:200)
at org.openqa.selenium.remote.codec.w3c.W3CHttpResponseCodec.decode(W3CHttpResponseCodec.java:133)
at org.openqa.selenium.remote.codec.w3c.W3CHttpResponseCodec.decode(W3CHttpResponseCodec.java:52)
at org.openqa.selenium.remote.HttpCommandExecutor.execute(HttpCommandExecutor.java:191)
at org.openqa.selenium.remote.service.DriverCommandExecutor.invokeExecute(DriverCommandExecutor.java:196)
at org.openqa.selenium.remote.service.DriverCommandExecutor.execute(DriverCommandExecutor.java:171)
at org.openqa.selenium.remote.RemoteWebDriver.execute(RemoteWebDriver.java:518)
at org.openqa.selenium.remote.ElementLocation$ElementFinder$2.findElement(ElementLocation.java:165)
at org.openqa.selenium.remote.ElementLocation.findElement(ElementLocation.java:59)
at org.openqa.selenium.remote.RemoteWebDriver.findElement(RemoteWebDriver.java:355)
at org.openqa.selenium.remote.RemoteWebDriver.findElement(RemoteWebDriver.java:349)
at week5.day3.Dataprovider_DynamicPara.EditLead.EditLead(EditLead.java:41)
at java.base/jdk.internal.reflect.NativeMethodAccessorImpl.invoke0(Native Method)
at java.base/jdk.internal.reflect.NativeMethodAccessorImpl.invoke(NativeMethodAccessorImpl.java:77)
at java.base/jdk.internal.reflect.DelegatingMethodAccessorImpl.invoke(DelegatingMethodAccessorImpl.java:43)
at java.base/java.lang.reflect.Method.invoke(Method.java:568)
at org.testng.internal.MethodInvocationHelper.invokeMethod(MethodInvocationHelper.java:133)
at org.testng.internal.TestInvoker.invokeMethod(TestInvoker.java:598)
at org.testng.internal.TestInvoker.invokeTestMethod(TestInvoker.java:173)
at org.testng.internal.MethodRunner.runInSequence(MethodRunner.java:46)
at org.testng.internal.TestInvoker$MethodInvocationAgent.invoke(TestInvoker.java:824)
at org.testng.internal.TestInvoker.invokeTestMethods(TestInvoker.java:146)
at org.testng.internal.TestMethodWorker.invokeTestMethods(TestMethodWorker.java:146)
at org.testng.internal.TestMethodWorker.run(TestMethodWorker.java:128)
at java.base/java.util.ArrayList.forEach(ArrayList.java:1511)
at org.testng.TestRunner.privateRun(TestRunner.java:794)
at org.testng.TestRunner.run(TestRunner.java:596)
at org.testng.SuiteRunner.runTest(SuiteRunner.java:377)
at org.testng.SuiteRunner.runSequentially(SuiteRunner.java:371)
at org.testng.SuiteRunner.privateRun(SuiteRunner.java:332)
at org.testng.SuiteRunner.run(SuiteRunner.java:276)
at org.testng.SuiteRunnerWorker.runSuite(SuiteRunnerWorker.java:53)
at org.testng.SuiteRunnerWorker.run(SuiteRunnerWorker.java:96)
at org.testng.TestNG.runSuitesSequentially(TestNG.java:1212)
at org.testng.TestNG.runSuitesLocally(TestNG.java:1134)
at org.testng.TestNG.runSuites(TestNG.java:1063)
at org.testng.TestNG.run(TestNG.java:1031)
at org.apache.maven.surefire.testng.TestNGExecutor.run(TestNGExecutor.java:308)
at org.apache.maven.surefire.testng.TestNGXmlTestSuite.execute(TestNGXmlTestSuite.java:71)
at org.apache.maven.surefire.testng.TestNGProvider.invoke(TestNGProvider.java:113)
at org.apache.maven.surefire.booter.ForkedBooter.runSuitesInProcess(ForkedBooter.java:385)
at org.apache.maven.surefire.booter.ForkedBooter.execute(ForkedBooter.java:162)
at org.apache.maven.surefire.booter.ForkedBooter.run(ForkedBooter.java:507)
at org.apache.maven.surefire.booter.ForkedBooter.main(ForkedBooter.java:495)
]]>
            </full-stacktrace>
          </exception> <!-- org.openqa.selenium.NoSuchElementException -->
          <reporter-output>
          </reporter-output>
        </test-method> <!-- EditLead -->
        <test-method is-config="true" signature="postCondition()[pri:0, instance:week5.day3.Dataprovider_DynamicPara.EditLead@20ce78ec]" started-at="2023-10-05T11:52:11 AEDT" name="postCondition" finished-at="2023-10-05T11:52:11 AEDT" duration-ms="159" status="PASS">
          <reporter-output>
          </reporter-output>
        </test-method> <!-- postCondition -->
      </class> <!-- week5.day3.Dataprovider_DynamicPara.EditLead -->
      <class name="week5.day3.Dataprovider_DynamicPara.CreateLead">
        <test-method is-config="true" signature="preCondtion(java.lang.String,java.lang.String,java.lang.String)[pri:0, instance:week5.day3.Dataprovider_DynamicPara.CreateLead@21de60b4]" started-at="2023-10-05T11:50:55 AEDT" name="preCondtion" finished-at="2023-10-05T11:51:03 AEDT" duration-ms="8184" status="PASS">
          <params>
            <param index="0">
              <value>
                <![CDATA[http://leaftaps.com/opentaps/control/main]]>
              </value>
            </param>
            <param index="1">
              <value>
                <![CDATA[Demosalesmanager]]>
              </value>
            </param>
            <param index="2">
              <value>
                <![CDATA[crmsfa]]>
              </value>
            </param>
          </params>
          <reporter-output>
          </reporter-output>
        </test-method> <!-- preCondtion -->
        <test-method signature="createLead(java.lang.String,java.lang.String,java.lang.String,java.lang.String)[pri:0, instance:week5.day3.Dataprovider_DynamicPara.CreateLead@21de60b4]" started-at="2023-10-05T11:51:03 AEDT" name="createLead" data-provider="create" finished-at="2023-10-05T11:51:10 AEDT" duration-ms="6933" status="PASS">
          <params>
            <param index="0">
              <value>
                <![CDATA[TestLeaf]]>
              </value>
            </param>
            <param index="1">
              <value>
                <![CDATA[Subraja]]>
              </value>
            </param>
            <param index="2">
              <value>
                <![CDATA[Subi]]>
              </value>
            </param>
            <param index="3">
              <value>
                <![CDATA[99]]>
              </value>
            </param>
          </params>
          <reporter-output>
          </reporter-output>
        </test-method> <!-- createLead -->
        <test-method is-config="true" signature="postCondition()[pri:0, instance:week5.day3.Dataprovider_DynamicPara.CreateLead@21de60b4]" started-at="2023-10-05T11:51:10 AEDT" name="postCondition" finished-at="2023-10-05T11:51:10 AEDT" duration-ms="180" status="PASS">
          <reporter-output>
          </reporter-output>
        </test-method> <!-- postCondition -->
        <test-method is-config="true" signature="preCondtion(java.lang.String,java.lang.String,java.lang.String)[pri:0, instance:week5.day3.Dataprovider_DynamicPara.CreateLead@21de60b4]" started-at="2023-10-05T11:51:10 AEDT" name="preCondtion" finished-at="2023-10-05T11:51:17 AEDT" duration-ms="7002" status="PASS">
          <params>
            <param index="0">
              <value>
                <![CDATA[http://leaftaps.com/opentaps/control/main]]>
              </value>
            </param>
            <param index="1">
              <value>
                <![CDATA[Demosalesmanager]]>
              </value>
            </param>
            <param index="2">
              <value>
                <![CDATA[crmsfa]]>
              </value>
            </param>
          </params>
          <reporter-output>
          </reporter-output>
        </test-method> <!-- preCondtion -->
        <test-method signature="createLead(java.lang.String,java.lang.String,java.lang.String,java.lang.String)[pri:0, instance:week5.day3.Dataprovider_DynamicPara.CreateLead@21de60b4]" started-at="2023-10-05T11:51:17 AEDT" name="createLead" data-provider="create" finished-at="2023-10-05T11:51:24 AEDT" duration-ms="6815" status="PASS">
          <params>
            <param index="0">
              <value>
                <![CDATA[Qeagle]]>
              </value>
            </param>
            <param index="1">
              <value>
                <![CDATA[Princy]]>
              </value>
            </param>
            <param index="2">
              <value>
                <![CDATA[R]]>
              </value>
            </param>
            <param index="3">
              <value>
                <![CDATA[91]]>
              </value>
            </param>
          </params>
          <reporter-output>
          </reporter-output>
        </test-method> <!-- createLead -->
        <test-method is-config="true" signature="postCondition()[pri:0, instance:week5.day3.Dataprovider_DynamicPara.CreateLead@21de60b4]" started-at="2023-10-05T11:51:24 AEDT" name="postCondition" finished-at="2023-10-05T11:51:24 AEDT" duration-ms="165" status="PASS">
          <reporter-output>
          </reporter-output>
        </test-method> <!-- postCondition -->
      </class> <!-- week5.day3.Dataprovider_DynamicPara.CreateLead -->
    </test> <!-- Test -->
  </suite> <!-- Suite -->
  <suite started-at="2023-10-05T11:52:11 AEDT" name="Suite (0)" finished-at="2023-10-05T11:52:30 AEDT" duration-ms="19184">
    <groups>
      <group name="Swapna">
        <method signature="DuplicateLead.duplicateLead()[pri:0, instance:week5.day2.Annotations.DuplicateLead@294425a7]" name="duplicateLead" class="week5.day2.Annotations.DuplicateLead"/>
      </group> <!-- Swapna -->
    </groups>
    <test started-at="2023-10-05T11:52:11 AEDT" name="Test" finished-at="2023-10-05T11:52:30 AEDT" duration-ms="19184">
      <class name="week5.day2.Annotations.DuplicateLead">
        <test-method is-config="true" signature="preCondtion()[pri:0, instance:week5.day2.Annotations.DuplicateLead@294425a7]" started-at="2023-10-05T11:52:11 AEDT" name="preCondtion" finished-at="2023-10-05T11:52:18 AEDT" duration-ms="6985" status="PASS">
          <reporter-output>
          </reporter-output>
        </test-method> <!-- preCondtion -->
        <test-method signature="duplicateLead()[pri:0, instance:week5.day2.Annotations.DuplicateLead@294425a7]" started-at="2023-10-05T11:52:18 AEDT" name="duplicateLead" finished-at="2023-10-05T11:52:30 AEDT" duration-ms="12197" status="PASS">
          <reporter-output>
          </reporter-output>
        </test-method> <!-- duplicateLead -->
      </class> <!-- week5.day2.Annotations.DuplicateLead -->
    </test> <!-- Test -->
  </suite> <!-- Suite (0) -->
</testng-results>
