<?xml version="1.0" encoding="UTF-8"?>
<!-- Generated by org.testng.reporters.JUnitXMLReporter -->
<testsuite ignored="3" hostname="DESKTOP-POO9BB3" failures="0" tests="1" name="Test" time="19.184" errors="0" timestamp="2023-10-05T11:52:30 AEDT">
  <testcase classname="week5.day2.Annotations.DuplicateLead" name="duplicateLead" time="12.197"/>
  <testcase classname="week5.day2.Annotations.CreateLead" name="createLead" time="0.0">
    <ignored/>
  </testcase> <!-- createLead -->
  <testcase classname="week5.day2.Annotations.EditLead" name="EditLead" time="0.0">
    <ignored/>
  </testcase> <!-- EditLead -->
  <testcase classname="week5.day2.Annotations.DeleteLead" name="deleteLead" time="0.0">
    <ignored/>
  </testcase> <!-- deleteLead -->
</testsuite> <!-- Test -->
