<?xml version="1.0" encoding="UTF-8"?>
<testng-results ignored="0" total="5" passed="4" failed="1" skipped="0">
  <reporter-output>
  </reporter-output>
  <suite started-at="2023-10-05T11:21:36 AEDT" name="Suite" finished-at="2023-10-05T11:22:51 AEDT" duration-ms="74851">
    <groups>
    </groups>
    <test started-at="2023-10-05T11:21:36 AEDT" name="Test" finished-at="2023-10-05T11:22:51 AEDT" duration-ms="74851">
      <class name="week5.day3.Dataprovider_DynamicPara.EditLead">
        <test-method is-config="true" signature="preCondtion(java.lang.String,java.lang.String,java.lang.String)[pri:0, instance:week5.day3.Dataprovider_DynamicPara.EditLead@4659191b]" started-at="2023-10-05T11:22:05 AEDT" name="preCondtion" finished-at="2023-10-05T11:22:12 AEDT" duration-ms="6265" status="PASS">
          <params>
            <param index="0">
              <value>
                <![CDATA[http://leaftaps.com/opentaps/control/main]]>
              </value>
            </param>
            <param index="1">
              <value>
                <![CDATA[Demosalesmanager]]>
              </value>
            </param>
            <param index="2">
              <value>
                <![CDATA[crmsfa]]>
              </value>
            </param>
          </params>
          <reporter-output>
          </reporter-output>
        </test-method> <!-- preCondtion -->
        <test-method signature="EditLead(java.lang.String,java.lang.String)[pri:0, instance:week5.day3.Dataprovider_DynamicPara.EditLead@4659191b]" started-at="2023-10-05T11:22:12 AEDT" name="EditLead" data-provider="Edit" finished-at="2023-10-05T11:22:22 AEDT" duration-ms="10240" status="PASS">
          <params>
            <param index="0">
              <value>
                <![CDATA[99]]>
              </value>
            </param>
            <param index="1">
              <value>
                <![CDATA[TCS]]>
              </value>
            </param>
          </params>
          <reporter-output>
          </reporter-output>
        </test-method> <!-- EditLead -->
        <test-method is-config="true" signature="postCondition()[pri:0, instance:week5.day3.Dataprovider_DynamicPara.EditLead@4659191b]" started-at="2023-10-05T11:22:22 AEDT" name="postCondition" finished-at="2023-10-05T11:22:22 AEDT" duration-ms="126" status="PASS">
          <reporter-output>
          </reporter-output>
        </test-method> <!-- postCondition -->
        <test-method is-config="true" signature="preCondtion(java.lang.String,java.lang.String,java.lang.String)[pri:0, instance:week5.day3.Dataprovider_DynamicPara.EditLead@4659191b]" started-at="2023-10-05T11:22:22 AEDT" name="preCondtion" finished-at="2023-10-05T11:22:28 AEDT" duration-ms="6075" status="PASS">
          <params>
            <param index="0">
              <value>
                <![CDATA[http://leaftaps.com/opentaps/control/main]]>
              </value>
            </param>
            <param index="1">
              <value>
                <![CDATA[Demosalesmanager]]>
              </value>
            </param>
            <param index="2">
              <value>
                <![CDATA[crmsfa]]>
              </value>
            </param>
          </params>
          <reporter-output>
          </reporter-output>
        </test-method> <!-- preCondtion -->
        <test-method signature="EditLead(java.lang.String,java.lang.String)[pri:0, instance:week5.day3.Dataprovider_DynamicPara.EditLead@4659191b]" started-at="2023-10-05T11:22:28 AEDT" name="EditLead" data-provider="Edit" finished-at="2023-10-05T11:22:38 AEDT" duration-ms="10217" status="PASS">
          <params>
            <param index="0">
              <value>
                <![CDATA[91]]>
              </value>
            </param>
            <param index="1">
              <value>
                <![CDATA[Infosys]]>
              </value>
            </param>
          </params>
          <reporter-output>
          </reporter-output>
        </test-method> <!-- EditLead -->
        <test-method is-config="true" signature="postCondition()[pri:0, instance:week5.day3.Dataprovider_DynamicPara.EditLead@4659191b]" started-at="2023-10-05T11:22:38 AEDT" name="postCondition" finished-at="2023-10-05T11:22:39 AEDT" duration-ms="178" status="PASS">
          <reporter-output>
          </reporter-output>
        </test-method> <!-- postCondition -->
        <test-method is-config="true" signature="preCondtion(java.lang.String,java.lang.String,java.lang.String)[pri:0, instance:week5.day3.Dataprovider_DynamicPara.EditLead@4659191b]" started-at="2023-10-05T11:22:39 AEDT" name="preCondtion" finished-at="2023-10-05T11:22:45 AEDT" duration-ms="6582" status="PASS">
          <params>
            <param index="0">
              <value>
                <![CDATA[http://leaftaps.com/opentaps/control/main]]>
              </value>
            </param>
            <param index="1">
              <value>
                <![CDATA[Demosalesmanager]]>
              </value>
            </param>
            <param index="2">
              <value>
                <![CDATA[crmsfa]]>
              </value>
            </param>
          </params>
          <reporter-output>
          </reporter-output>
        </test-method> <!-- preCondtion -->
        <test-method signature="EditLead(java.lang.String,java.lang.String)[pri:0, instance:week5.day3.Dataprovider_DynamicPara.EditLead@4659191b]" started-at="2023-10-05T11:22:45 AEDT" name="EditLead" data-provider="Edit" finished-at="2023-10-05T11:22:51 AEDT" duration-ms="5844" status="FAIL">
          <params>
            <param index="0">
              <value>
                <![CDATA[93]]>
              </value>
            </param>
            <param index="1">
              <value>
                <![CDATA[Wipro]]>
              </value>
            </param>
          </params>
          <exception class="org.openqa.selenium.NoSuchElementException">
            <message>
              <![CDATA[no such element: Unable to locate element: {"method":"xpath","selector":"//div[@class='x-grid3-cell-inner x-grid3-col-partyId']/a"}
  (Session info: chrome=117.0.5938.132)
For documentation on this error, please visit: https://www.selenium.dev/documentation/webdriver/troubleshooting/errors#no-such-element-exception
Build info: version: '4.11.0', revision: '040bc5406b'
System info: os.name: 'Windows 10', os.arch: 'amd64', os.version: '10.0', java.version: '16.0.1'
Driver info: org.openqa.selenium.chrome.ChromeDriver
Command: [03aa95b8125ad5e670f6bf0e08769bb6, findElement {using=xpath, value=//div[@class='x-grid3-cell-inner x-grid3-col-partyId']/a}]
Capabilities {acceptInsecureCerts: false, browserName: chrome, browserVersion: 117.0.5938.132, chrome: {chromedriverVersion: 116.0.5845.96 (1a3918166880..., userDataDir: C:\Users\Ravi\AppData\Local...}, fedcm:accounts: true, goog:chromeOptions: {debuggerAddress: localhost:60084}, networkConnectionEnabled: false, pageLoadStrategy: normal, platformName: windows, proxy: Proxy(), se:cdp: ws://localhost:60084/devtoo..., se:cdpVersion: 117.0.5938.132, setWindowRect: true, strictFileInteractability: false, timeouts: {implicit: 0, pageLoad: 300000, script: 30000}, unhandledPromptBehavior: dismiss and notify, webauthn:extension:credBlob: true, webauthn:extension:largeBlob: true, webauthn:extension:minPinLength: true, webauthn:extension:prf: true, webauthn:virtualAuthenticators: true}
Session ID: 03aa95b8125ad5e670f6bf0e08769bb6]]>
            </message>
            <full-stacktrace>
              <![CDATA[org.openqa.selenium.NoSuchElementException: no such element: Unable to locate element: {"method":"xpath","selector":"//div[@class='x-grid3-cell-inner x-grid3-col-partyId']/a"}
  (Session info: chrome=117.0.5938.132)
For documentation on this error, please visit: https://www.selenium.dev/documentation/webdriver/troubleshooting/errors#no-such-element-exception
Build info: version: '4.11.0', revision: '040bc5406b'
System info: os.name: 'Windows 10', os.arch: 'amd64', os.version: '10.0', java.version: '16.0.1'
Driver info: org.openqa.selenium.chrome.ChromeDriver
Command: [03aa95b8125ad5e670f6bf0e08769bb6, findElement {using=xpath, value=//div[@class='x-grid3-cell-inner x-grid3-col-partyId']/a}]
Capabilities {acceptInsecureCerts: false, browserName: chrome, browserVersion: 117.0.5938.132, chrome: {chromedriverVersion: 116.0.5845.96 (1a3918166880..., userDataDir: C:\Users\Ravi\AppData\Local...}, fedcm:accounts: true, goog:chromeOptions: {debuggerAddress: localhost:60084}, networkConnectionEnabled: false, pageLoadStrategy: normal, platformName: windows, proxy: Proxy(), se:cdp: ws://localhost:60084/devtoo..., se:cdpVersion: 117.0.5938.132, setWindowRect: true, strictFileInteractability: false, timeouts: {implicit: 0, pageLoad: 300000, script: 30000}, unhandledPromptBehavior: dismiss and notify, webauthn:extension:credBlob: true, webauthn:extension:largeBlob: true, webauthn:extension:minPinLength: true, webauthn:extension:prf: true, webauthn:virtualAuthenticators: true}
Session ID: 03aa95b8125ad5e670f6bf0e08769bb6
at java.base/jdk.internal.reflect.NativeConstructorAccessorImpl.newInstance0(Native Method)
at java.base/jdk.internal.reflect.NativeConstructorAccessorImpl.newInstance(NativeConstructorAccessorImpl.java:78)
at java.base/jdk.internal.reflect.DelegatingConstructorAccessorImpl.newInstance(DelegatingConstructorAccessorImpl.java:45)
at java.base/java.lang.reflect.Constructor.newInstanceWithCaller(Constructor.java:499)
at java.base/java.lang.reflect.Constructor.newInstance(Constructor.java:480)
at org.openqa.selenium.remote.codec.w3c.W3CHttpResponseCodec.createException(W3CHttpResponseCodec.java:200)
at org.openqa.selenium.remote.codec.w3c.W3CHttpResponseCodec.decode(W3CHttpResponseCodec.java:133)
at org.openqa.selenium.remote.codec.w3c.W3CHttpResponseCodec.decode(W3CHttpResponseCodec.java:52)
at org.openqa.selenium.remote.HttpCommandExecutor.execute(HttpCommandExecutor.java:191)
at org.openqa.selenium.remote.service.DriverCommandExecutor.invokeExecute(DriverCommandExecutor.java:196)
at org.openqa.selenium.remote.service.DriverCommandExecutor.execute(DriverCommandExecutor.java:171)
at org.openqa.selenium.remote.RemoteWebDriver.execute(RemoteWebDriver.java:518)
at org.openqa.selenium.remote.ElementLocation$ElementFinder$2.findElement(ElementLocation.java:165)
at org.openqa.selenium.remote.ElementLocation.findElement(ElementLocation.java:59)
at org.openqa.selenium.remote.RemoteWebDriver.findElement(RemoteWebDriver.java:355)
at org.openqa.selenium.remote.RemoteWebDriver.findElement(RemoteWebDriver.java:349)
at week5.day3.Dataprovider_DynamicPara.EditLead.EditLead(EditLead.java:41)
at java.base/jdk.internal.reflect.NativeMethodAccessorImpl.invoke0(Native Method)
at java.base/jdk.internal.reflect.NativeMethodAccessorImpl.invoke(NativeMethodAccessorImpl.java:78)
at java.base/jdk.internal.reflect.DelegatingMethodAccessorImpl.invoke(DelegatingMethodAccessorImpl.java:43)
at java.base/java.lang.reflect.Method.invoke(Method.java:567)
at org.testng.internal.MethodInvocationHelper.invokeMethod(MethodInvocationHelper.java:133)
at org.testng.internal.TestInvoker.invokeMethod(TestInvoker.java:598)
at org.testng.internal.TestInvoker.invokeTestMethod(TestInvoker.java:173)
at org.testng.internal.MethodRunner.runInSequence(MethodRunner.java:46)
at org.testng.internal.TestInvoker$MethodInvocationAgent.invoke(TestInvoker.java:824)
at org.testng.internal.TestInvoker.invokeTestMethods(TestInvoker.java:146)
at org.testng.internal.TestMethodWorker.invokeTestMethods(TestMethodWorker.java:146)
at org.testng.internal.TestMethodWorker.run(TestMethodWorker.java:128)
at java.base/java.util.ArrayList.forEach(ArrayList.java:1511)
at org.testng.TestRunner.privateRun(TestRunner.java:794)
at org.testng.TestRunner.run(TestRunner.java:596)
at org.testng.SuiteRunner.runTest(SuiteRunner.java:377)
at org.testng.SuiteRunner.runSequentially(SuiteRunner.java:371)
at org.testng.SuiteRunner.privateRun(SuiteRunner.java:332)
at org.testng.SuiteRunner.run(SuiteRunner.java:276)
at org.testng.SuiteRunnerWorker.runSuite(SuiteRunnerWorker.java:53)
at org.testng.SuiteRunnerWorker.run(SuiteRunnerWorker.java:96)
at org.testng.TestNG.runSuitesSequentially(TestNG.java:1212)
at org.testng.TestNG.runSuitesLocally(TestNG.java:1134)
at org.testng.TestNG.runSuites(TestNG.java:1063)
at org.testng.TestNG.run(TestNG.java:1031)
at org.testng.remote.AbstractRemoteTestNG.run(AbstractRemoteTestNG.java:115)
at org.testng.remote.RemoteTestNG.initAndRun(RemoteTestNG.java:251)
at org.testng.remote.RemoteTestNG.main(RemoteTestNG.java:77)
]]>
            </full-stacktrace>
          </exception> <!-- org.openqa.selenium.NoSuchElementException -->
          <reporter-output>
          </reporter-output>
        </test-method> <!-- EditLead -->
        <test-method is-config="true" signature="postCondition()[pri:0, instance:week5.day3.Dataprovider_DynamicPara.EditLead@4659191b]" started-at="2023-10-05T11:22:51 AEDT" name="postCondition" finished-at="2023-10-05T11:22:51 AEDT" duration-ms="126" status="PASS">
          <reporter-output>
          </reporter-output>
        </test-method> <!-- postCondition -->
      </class> <!-- week5.day3.Dataprovider_DynamicPara.EditLead -->
      <class name="week5.day3.Dataprovider_DynamicPara.CreateLead">
        <test-method is-config="true" signature="preCondtion(java.lang.String,java.lang.String,java.lang.String)[pri:0, instance:week5.day3.Dataprovider_DynamicPara.CreateLead@306e95ec]" started-at="2023-10-05T11:21:36 AEDT" name="preCondtion" finished-at="2023-10-05T11:21:44 AEDT" duration-ms="8139" status="PASS">
          <params>
            <param index="0">
              <value>
                <![CDATA[http://leaftaps.com/opentaps/control/main]]>
              </value>
            </param>
            <param index="1">
              <value>
                <![CDATA[Demosalesmanager]]>
              </value>
            </param>
            <param index="2">
              <value>
                <![CDATA[crmsfa]]>
              </value>
            </param>
          </params>
          <reporter-output>
          </reporter-output>
        </test-method> <!-- preCondtion -->
        <test-method signature="createLead(java.lang.String,java.lang.String,java.lang.String,java.lang.String)[pri:0, instance:week5.day3.Dataprovider_DynamicPara.CreateLead@306e95ec]" started-at="2023-10-05T11:21:44 AEDT" name="createLead" data-provider="create" finished-at="2023-10-05T11:21:51 AEDT" duration-ms="6731" status="PASS">
          <params>
            <param index="0">
              <value>
                <![CDATA[TestLeaf]]>
              </value>
            </param>
            <param index="1">
              <value>
                <![CDATA[Subraja]]>
              </value>
            </param>
            <param index="2">
              <value>
                <![CDATA[Subi]]>
              </value>
            </param>
            <param index="3">
              <value>
                <![CDATA[99]]>
              </value>
            </param>
          </params>
          <reporter-output>
          </reporter-output>
        </test-method> <!-- createLead -->
        <test-method is-config="true" signature="postCondition()[pri:0, instance:week5.day3.Dataprovider_DynamicPara.CreateLead@306e95ec]" started-at="2023-10-05T11:21:51 AEDT" name="postCondition" finished-at="2023-10-05T11:21:51 AEDT" duration-ms="180" status="PASS">
          <reporter-output>
          </reporter-output>
        </test-method> <!-- postCondition -->
        <test-method is-config="true" signature="preCondtion(java.lang.String,java.lang.String,java.lang.String)[pri:0, instance:week5.day3.Dataprovider_DynamicPara.CreateLead@306e95ec]" started-at="2023-10-05T11:21:51 AEDT" name="preCondtion" finished-at="2023-10-05T11:21:58 AEDT" duration-ms="6788" status="PASS">
          <params>
            <param index="0">
              <value>
                <![CDATA[http://leaftaps.com/opentaps/control/main]]>
              </value>
            </param>
            <param index="1">
              <value>
                <![CDATA[Demosalesmanager]]>
              </value>
            </param>
            <param index="2">
              <value>
                <![CDATA[crmsfa]]>
              </value>
            </param>
          </params>
          <reporter-output>
          </reporter-output>
        </test-method> <!-- preCondtion -->
        <test-method signature="createLead(java.lang.String,java.lang.String,java.lang.String,java.lang.String)[pri:0, instance:week5.day3.Dataprovider_DynamicPara.CreateLead@306e95ec]" started-at="2023-10-05T11:21:58 AEDT" name="createLead" data-provider="create" finished-at="2023-10-05T11:22:05 AEDT" duration-ms="7119" status="PASS">
          <params>
            <param index="0">
              <value>
                <![CDATA[Qeagle]]>
              </value>
            </param>
            <param index="1">
              <value>
                <![CDATA[Princy]]>
              </value>
            </param>
            <param index="2">
              <value>
                <![CDATA[R]]>
              </value>
            </param>
            <param index="3">
              <value>
                <![CDATA[91]]>
              </value>
            </param>
          </params>
          <reporter-output>
          </reporter-output>
        </test-method> <!-- createLead -->
        <test-method is-config="true" signature="postCondition()[pri:0, instance:week5.day3.Dataprovider_DynamicPara.CreateLead@306e95ec]" started-at="2023-10-05T11:22:05 AEDT" name="postCondition" finished-at="2023-10-05T11:22:05 AEDT" duration-ms="196" status="PASS">
          <reporter-output>
          </reporter-output>
        </test-method> <!-- postCondition -->
      </class> <!-- week5.day3.Dataprovider_DynamicPara.CreateLead -->
    </test> <!-- Test -->
  </suite> <!-- Suite -->
</testng-results>
